# JRE version: Java(TM) SE Runtime Environment (8.0_201-b09) (build 1.8.0_201-b09)
# Java VM: Java HotSpot(TM) 64-Bit Server VM (25.201-b09 mixed mode windows-amd64 compressed oops)
Heap:
 PSYoungGen      total 147968K, used 2629K [0x00000000d5800000, 0x00000000e7a00000, 0x0000000100000000)
  eden space 132608K, 1% used [0x00000000d5800000,0x00000000d5a91568,0x00000000dd980000)
  from space 15360K, 0% used [0x00000000dd980000,0x00000000dd980000,0x00000000de880000)
  to   space 15872K, 0% used [0x00000000e6a80000,0x00000000e6a80000,0x00000000e7a00000)
 ParOldGen       total 87552K, used 23807K [0x0000000080800000, 0x0000000085d80000, 0x00000000d5800000)
  object space 87552K, 27% used [0x0000000080800000,0x0000000081f3fff8,0x0000000085d80000)
 Metaspace       used 21137K, capacity 21426K, committed 21504K, reserved 1069056K
  class space    used 2685K, capacity 2743K, committed 2816K, reserved 1048576K
GC Heap History (10 events):
Event: 1.469 GC heap before
{Heap before GC invocations=4 (full 0):
 PSYoungGen      total 38400K, used 38395K [0x00000000d5800000, 0x00000000da300000, 0x0000000100000000)
  eden space 33280K, 100% used [0x00000000d5800000,0x00000000d7880000,0x00000000d7880000)
  from space 5120K, 99% used [0x00000000d7880000,0x00000000d7d7ec60,0x00000000d7d80000)
  to   space 5120K, 0% used [0x00000000d9e00000,0x00000000d9e00000,0x00000000da300000)
 ParOldGen       total 87552K, used 12750K [0x0000000080800000, 0x0000000085d80000, 0x00000000d5800000)
  object space 87552K, 14% used [0x0000000080800000,0x00000000814739b8,0x0000000085d80000)
 Metaspace       used 16414K, capacity 16552K, committed 16640K, reserved 1062912K
  class space    used 2196K, capacity 2240K, committed 2304K, reserved 1048576K
Event: 1.480 GC heap after
Heap after GC invocations=4 (full 0):
 PSYoungGen      total 71680K, used 5115K [0x00000000d5800000, 0x00000000da300000, 0x0000000100000000)
  eden space 66560K, 0% used [0x00000000d5800000,0x00000000d5800000,0x00000000d9900000)
  from space 5120K, 99% used [0x00000000d9e00000,0x00000000da2fec80,0x00000000da300000)
  to   space 5120K, 0% used [0x00000000d9900000,0x00000000d9900000,0x00000000d9e00000)
 ParOldGen       total 87552K, used 19199K [0x0000000080800000, 0x0000000085d80000, 0x00000000d5800000)
  object space 87552K, 21% used [0x0000000080800000,0x0000000081abffb0,0x0000000085d80000)
 Metaspace       used 16414K, capacity 16552K, committed 16640K, reserved 1062912K
  class space    used 2196K, capacity 2240K, committed 2304K, reserved 1048576K
}
Event: 2.616 GC heap before
{Heap before GC invocations=5 (full 0):
 PSYoungGen      total 71680K, used 71675K [0x00000000d5800000, 0x00000000da300000, 0x0000000100000000)
  eden space 66560K, 100% used [0x00000000d5800000,0x00000000d9900000,0x00000000d9900000)
  from space 5120K, 99% used [0x00000000d9e00000,0x00000000da2fec80,0x00000000da300000)
  to   space 5120K, 0% used [0x00000000d9900000,0x00000000d9900000,0x00000000d9e00000)
 ParOldGen       total 87552K, used 19199K [0x0000000080800000, 0x0000000085d80000, 0x00000000d5800000)
  object space 87552K, 21% used [0x0000000080800000,0x0000000081abffb0,0x0000000085d80000)
 Metaspace       used 19852K, capacity 20068K, committed 20352K, reserved 1067008K
  class space    used 2565K, capacity 2602K, committed 2688K, reserved 1048576K
Event: 2.630 GC heap after
Heap after GC invocations=5 (full 0):
 PSYoungGen      total 71680K, used 5091K [0x00000000d5800000, 0x00000000df700000, 0x0000000100000000)
  eden space 66560K, 0% used [0x00000000d5800000,0x00000000d5800000,0x00000000d9900000)
  from space 5120K, 99% used [0x00000000d9900000,0x00000000d9df8c70,0x00000000d9e00000)
  to   space 14848K, 0% used [0x00000000de880000,0x00000000de880000,0x00000000df700000)
 ParOldGen       total 87552K, used 25883K [0x0000000080800000, 0x0000000085d80000, 0x00000000d5800000)
  object space 87552K, 29% used [0x0000000080800000,0x0000000082146f28,0x0000000085d80000)
 Metaspace       used 19852K, capacity 20068K, committed 20352K, reserved 1067008K
  class space    used 2565K, capacity 2602K, committed 2688K, reserved 1048576K
}
Event: 3.260 GC heap before
{Heap before GC invocations=6 (full 0):
 PSYoungGen      total 71680K, used 71651K [0x00000000d5800000, 0x00000000df700000, 0x0000000100000000)
  eden space 66560K, 100% used [0x00000000d5800000,0x00000000d9900000,0x00000000d9900000)
  from space 5120K, 99% used [0x00000000d9900000,0x00000000d9df8c70,0x00000000d9e00000)
  to   space 14848K, 0% used [0x00000000de880000,0x00000000de880000,0x00000000df700000)
 ParOldGen       total 87552K, used 25883K [0x0000000080800000, 0x0000000085d80000, 0x00000000d5800000)
  object space 87552K, 29% used [0x0000000080800000,0x0000000082146f28,0x0000000085d80000)
 Metaspace       used 20172K, capacity 20396K, committed 20608K, reserved 1067008K
  class space    used 2576K, capacity 2614K, committed 2688K, reserved 1048576K
Event: 3.271 GC heap after
Heap after GC invocations=6 (full 0):
 PSYoungGen      total 147456K, used 5411K [0x00000000d5800000, 0x00000000df800000, 0x0000000100000000)
  eden space 132608K, 0% used [0x00000000d5800000,0x00000000d5800000,0x00000000dd980000)
  from space 14848K, 36% used [0x00000000de880000,0x00000000dedc8c50,0x00000000df700000)
  to   space 15360K, 0% used [0x00000000dd980000,0x00000000dd980000,0x00000000de880000)
 ParOldGen       total 87552K, used 25891K [0x0000000080800000, 0x0000000085d80000, 0x00000000d5800000)
  object space 87552K, 29% used [0x0000000080800000,0x0000000082148f28,0x0000000085d80000)
 Metaspace       used 20172K, capacity 20396K, committed 20608K, reserved 1067008K
  class space    used 2576K, capacity 2614K, committed 2688K, reserved 1048576K
}
Event: 3.604 GC heap before
{Heap before GC invocations=7 (full 0):
 PSYoungGen      total 147456K, used 26597K [0x00000000d5800000, 0x00000000df800000, 0x0000000100000000)
  eden space 132608K, 15% used [0x00000000d5800000,0x00000000d6cb0a90,0x00000000dd980000)
  from space 14848K, 36% used [0x00000000de880000,0x00000000dedc8c50,0x00000000df700000)
  to   space 15360K, 0% used [0x00000000dd980000,0x00000000dd980000,0x00000000de880000)
 ParOldGen       total 87552K, used 25891K [0x0000000080800000, 0x0000000085d80000, 0x00000000d5800000)
  object space 87552K, 29% used [0x0000000080800000,0x0000000082148f28,0x0000000085d80000)
 Metaspace       used 20902K, capacity 21138K, committed 21248K, reserved 1067008K
  class space    used 2650K, capacity 2711K, committed 2816K, reserved 1048576K
Event: 3.616 GC heap after
Heap after GC invocations=7 (full 0):
 PSYoungGen      total 147968K, used 3337K [0x00000000d5800000, 0x00000000e7a00000, 0x0000000100000000)
  eden space 132608K, 0% used [0x00000000d5800000,0x00000000d5800000,0x00000000dd980000)
  from space 15360K, 21% used [0x00000000dd980000,0x00000000ddcc24b0,0x00000000de880000)
  to   space 15872K, 0% used [0x00000000e6a80000,0x00000000e6a80000,0x00000000e7a00000)
 ParOldGen       total 87552K, used 28550K [0x0000000080800000, 0x0000000085d80000, 0x00000000d5800000)
  object space 87552K, 32% used [0x0000000080800000,0x00000000823e1a68,0x0000000085d80000)
 Metaspace       used 20902K, capacity 21138K, committed 21248K, reserved 1067008K
  class space    used 2650K, capacity 2711K, committed 2816K, reserved 1048576K
}
Event: 3.616 GC heap before
{Heap before GC invocations=8 (full 1):
 PSYoungGen      total 147968K, used 3337K [0x00000000d5800000, 0x00000000e7a00000, 0x0000000100000000)
  eden space 132608K, 0% used [0x00000000d5800000,0x00000000d5800000,0x00000000dd980000)
  from space 15360K, 21% used [0x00000000dd980000,0x00000000ddcc24b0,0x00000000de880000)
  to   space 15872K, 0% used [0x00000000e6a80000,0x00000000e6a80000,0x00000000e7a00000)
 ParOldGen       total 87552K, used 28550K [0x0000000080800000, 0x0000000085d80000, 0x00000000d5800000)
  object space 87552K, 32% used [0x0000000080800000,0x00000000823e1a68,0x0000000085d80000)
 Metaspace       used 20902K, capacity 21138K, committed 21248K, reserved 1067008K
  class space    used 2650K, capacity 2711K, committed 2816K, reserved 1048576K
Event: 3.722 GC heap after
Heap after GC invocations=8 (full 1):
 PSYoungGen      total 147968K, used 0K [0x00000000d5800000, 0x00000000e7a00000, 0x0000000100000000)
  eden space 132608K, 0% used [0x00000000d5800000,0x00000000d5800000,0x00000000dd980000)
  from space 15360K, 0% used [0x00000000dd980000,0x00000000dd980000,0x00000000de880000)
  to   space 15872K, 0% used [0x00000000e6a80000,0x00000000e6a80000,0x00000000e7a00000)
 ParOldGen       total 87552K, used 23807K [0x0000000080800000, 0x0000000085d80000, 0x00000000d5800000)
  object space 87552K, 27% used [0x0000000080800000,0x0000000081f3fff8,0x0000000085d80000)
 Metaspace       used 20902K, capacity 21138K, committed 21248K, reserved 1067008K
  class space    used 2650K, capacity 2711K, committed 2816K, reserved 1048576K
}

